<?xml version="1.0" encoding="UTF-8"?>
<testng-results ignored="0" total="1" passed="1" failed="0" skipped="0">
  <reporter-output>
  </reporter-output>
  <suite started-at="2023-01-22T11:17:28 IST" name="Suite" finished-at="2023-01-22T11:17:37 IST" duration-ms="9551">
    <groups>
    </groups>
    <test started-at="2023-01-22T11:17:28 IST" name="Test" finished-at="2023-01-22T11:17:37 IST" duration-ms="9551">
      <class name="demopack.demotestng2">
        <test-method signature="setup()[pri:1, instance:demopack.demotestng2@ffaa6af]" started-at="2023-01-22T11:17:28 IST" name="setup" finished-at="2023-01-22T11:17:37 IST" duration-ms="9459" status="PASS">
          <reporter-output>
          </reporter-output>
        </test-method> <!-- setup -->
      </class> <!-- demopack.demotestng2 -->
    </test> <!-- Test -->
  </suite> <!-- Suite -->
</testng-results>
